<?xml version="1.0" encoding="UTF-8"?>
<!-- Generated by org.testng.reporters.JUnitXMLReporter -->
<testsuite hostname="DESKTOP-H58V9EC" ignored="0" name="RegressionTest_1" tests="2" failures="1" timestamp="2020-10-08T07:33:43 IST" time="46.167" errors="0">
  <testcase name="LoginTest" time="46.041" classname="TestNGListeners.TestCases"/>
  <testcase name="TestToFail" time="0.007" classname="TestNGListeners.TestCases">
    <failure type="java.lang.AssertionError" message="expected [true] but found [false]">
      <![CDATA[java.lang.AssertionError: expected [true] but found [false]
at TestNGListeners.TestCases.TestToFail(TestCases.java:41)
at java.util.ArrayList.forEach(ArrayList.java:1257)
... Removed 35 stack frames]]>
    </failure>
  </testcase> <!-- TestToFail -->
</testsuite> <!-- RegressionTest_1 -->
